SF:lib/data/models/tv_show_detail_model.dart
DA:11,9
DA:71,1
DA:101,1
DA:102,1
DA:103,1
DA:104,1
DA:105,1
DA:106,1
DA:107,1
DA:108,1
DA:109,1
DA:110,1
DA:111,1
DA:112,1
DA:113,1
DA:114,1
DA:115,1
DA:116,1
DA:117,1
DA:118,1
DA:119,1
DA:120,1
DA:121,1
DA:122,1
DA:123,1
DA:124,1
DA:125,1
DA:126,1
DA:127,1
DA:128,1
DA:129,1
DA:132,9
DA:133,9
DA:134,9
DA:135,9
DA:136,36
DA:137,36
DA:138,18
DA:139,9
DA:140,36
DA:141,9
DA:142,9
DA:143,9
DA:144,36
DA:145,18
DA:146,18
DA:147,9
DA:148,9
DA:149,0
DA:151,9
DA:152,9
DA:153,36
DA:154,9
DA:155,9
DA:156,9
DA:157,18
DA:158,9
DA:159,9
DA:160,36
DA:161,9
DA:162,36
DA:163,9
DA:164,9
DA:165,9
DA:166,18
DA:167,9
DA:170,1
DA:171,1
DA:172,1
DA:173,1
DA:174,1
DA:175,1
DA:176,1
DA:177,1
DA:178,1
DA:179,1
DA:180,1
DA:181,1
DA:182,1
DA:183,1
DA:184,1
DA:185,1
DA:186,1
DA:187,1
DA:188,1
DA:189,1
DA:190,1
DA:191,1
DA:192,1
DA:193,1
DA:194,1
DA:195,1
DA:196,1
DA:197,1
DA:198,1
DA:199,1
DA:204,7
DA:205,7
DA:206,7
DA:207,7
DA:208,7
DA:209,35
DA:210,7
DA:211,7
DA:212,7
DA:213,7
DA:214,7
DA:215,7
DA:216,7
DA:217,7
DA:218,7
DA:219,7
DA:220,7
DA:221,7
DA:222,7
DA:223,7
DA:224,7
DA:225,7
DA:226,7
DA:227,7
DA:228,35
LF:121
LH:120
end_of_record
SF:lib/data/models/tv_show_model.dart
DA:6,4
DA:36,0
DA:51,0
DA:52,0
DA:53,0
DA:54,0
DA:55,0
DA:56,0
DA:57,0
DA:58,0
DA:59,0
DA:60,0
DA:61,0
DA:62,0
DA:63,0
DA:64,0
DA:67,8
DA:68,4
DA:69,8
DA:70,4
DA:71,4
DA:72,8
DA:73,4
DA:74,4
DA:75,16
DA:77,16
DA:78,4
DA:79,4
DA:80,4
DA:81,4
DA:82,4
DA:83,8
DA:87,2
DA:88,2
DA:89,2
DA:90,2
DA:91,2
DA:92,2
DA:93,2
DA:94,1
DA:95,5
DA:96,5
DA:97,2
DA:98,2
DA:99,2
DA:100,2
DA:101,1
DA:102,1
DA:103,13
DA:106,1
DA:107,1
DA:108,1
DA:109,1
DA:110,1
DA:111,1
DA:112,1
DA:113,1
DA:114,1
DA:115,1
DA:116,1
DA:117,1
DA:118,1
DA:119,1
DA:124,2
DA:125,2
DA:126,2
DA:127,2
DA:128,2
DA:129,2
DA:130,2
DA:131,2
DA:132,2
DA:133,2
DA:134,2
DA:135,2
DA:136,2
DA:137,2
LF:77
LH:62
end_of_record
SF:lib/data/models/tv_show_table.dart
DA:7,24
DA:12,2
DA:14,2
DA:15,1
DA:16,1
DA:17,1
DA:18,1
DA:21,2
DA:22,1
DA:23,1
DA:24,1
DA:25,1
DA:28,2
DA:29,1
DA:30,1
DA:31,1
DA:32,1
LF:17
LH:17
end_of_record
SF:lib/data/sources/tv_show_local_data_source.dart
DA:19,3
DA:21,1
DA:24,2
DA:27,2
DA:31,1
DA:34,2
DA:37,2
DA:41,1
DA:43,2
DA:45,1
DA:51,1
DA:53,2
DA:54,4
LF:13
LH:13
end_of_record
SF:lib/data/sources/tv_show_remote_data_source.dart
DA:28,3
DA:30,2
DA:32,2
DA:33,6
DA:35,4
DA:36,4
DA:38,2
DA:42,2
DA:44,8
DA:46,4
DA:47,3
DA:49,2
DA:53,2
DA:56,2
DA:57,6
DA:59,4
DA:60,4
DA:62,2
DA:66,2
DA:69,8
DA:71,4
DA:72,4
DA:74,2
DA:78,2
DA:81,8
DA:83,4
DA:84,4
DA:86,2
DA:90,1
DA:92,1
DA:93,3
DA:95,2
DA:96,4
DA:98,1
LF:34
LH:34
end_of_record
SF:lib/domain/entities/tv_show.dart
DA:4,15
DA:18,15
DA:30,8
DA:31,8
DA:32,8
DA:33,8
DA:34,8
DA:35,8
DA:36,8
DA:37,8
DA:38,8
DA:39,8
DA:40,8
DA:41,8
DA:42,8
DA:43,8
DA:44,8
LF:17
LH:17
end_of_record
SF:lib/domain/entities/tv_show_detail.dart
DA:6,7
DA:30,7
DA:52,2
DA:53,2
DA:54,2
DA:55,2
DA:56,2
DA:57,2
DA:58,2
DA:59,2
DA:60,2
DA:61,2
DA:62,2
DA:63,2
DA:64,2
DA:65,2
DA:66,2
DA:67,2
DA:68,2
DA:69,2
DA:70,2
DA:71,2
DA:72,2
DA:73,2
DA:74,2
DA:75,2
DA:76,2
DA:77,2
LF:28
LH:28
end_of_record
SF:lib/init.dart
DA:11,2
DA:13,8
DA:14,8
DA:15,8
DA:16,8
DA:17,8
DA:18,4
DA:19,0
DA:20,8
DA:21,4
DA:24,8
DA:25,8
DA:26,4
DA:27,4
DA:28,8
DA:29,8
DA:30,8
DA:31,4
DA:32,4
DA:33,8
DA:36,4
DA:37,12
DA:40,4
DA:41,8
DA:42,4
DA:43,8
LF:26
LH:25
end_of_record
SF:lib/data/models/creator_model.dart
DA:4,10
DA:18,1
DA:25,1
DA:26,1
DA:27,1
DA:28,1
DA:29,1
DA:30,1
DA:33,20
DA:34,10
DA:35,10
DA:36,10
DA:37,10
DA:38,10
DA:41,2
DA:42,1
DA:43,1
DA:44,1
DA:45,1
DA:46,1
DA:49,1
DA:50,2
LF:22
LH:22
end_of_record
SF:lib/data/models/episode_model.dart
DA:4,10
DA:28,1
DA:40,1
DA:41,1
DA:42,1
DA:43,1
DA:44,1
DA:45,1
DA:46,1
DA:47,1
DA:48,1
DA:49,1
DA:50,1
DA:53,20
DA:54,20
DA:55,10
DA:56,10
DA:57,10
DA:58,10
DA:59,10
DA:60,10
DA:61,10
DA:62,20
DA:63,10
DA:66,2
DA:68,13
DA:69,1
DA:70,1
DA:71,1
DA:72,1
DA:73,1
DA:74,1
DA:75,1
DA:76,1
DA:77,1
DA:80,1
DA:81,2
LF:37
LH:37
end_of_record
SF:lib/data/models/language_model.dart
DA:4,10
DA:14,1
DA:19,1
DA:20,1
DA:21,1
DA:22,1
DA:25,20
DA:26,10
DA:27,10
DA:28,10
DA:31,2
DA:32,1
DA:33,1
DA:34,1
DA:37,1
DA:38,2
LF:16
LH:16
end_of_record
SF:lib/data/models/season_model.dart
DA:6,11
DA:24,1
DA:33,1
DA:34,1
DA:35,1
DA:36,1
DA:37,1
DA:38,1
DA:39,1
DA:40,1
DA:43,22
DA:44,11
DA:45,22
DA:47,11
DA:48,11
DA:49,11
DA:50,11
DA:51,11
DA:52,11
DA:55,2
DA:56,1
DA:57,1
DA:58,13
DA:59,2
DA:60,2
DA:61,2
DA:62,2
DA:63,2
DA:64,2
DA:67,1
DA:68,1
DA:69,1
DA:70,1
DA:71,1
DA:72,1
DA:73,1
DA:74,1
DA:75,1
DA:80,8
DA:81,8
DA:82,8
DA:83,8
DA:84,8
DA:85,8
DA:86,8
DA:87,8
DA:88,8
LF:47
LH:47
end_of_record
SF:lib/data/models/tv_show_response.dart
DA:6,2
DA:18,1
DA:24,1
DA:25,1
DA:26,1
DA:27,1
DA:28,1
DA:31,4
DA:32,2
DA:33,4
DA:34,6
DA:35,6
DA:36,2
DA:37,2
DA:40,2
DA:41,1
DA:42,5
DA:43,1
DA:44,1
DA:47,1
DA:48,1
DA:49,1
DA:50,1
DA:51,1
DA:52,1
LF:25
LH:25
end_of_record
SF:lib/data/repositories/tv_show_repository_impl.dart
DA:20,3
DA:22,2
DA:26,4
DA:27,5
DA:28,2
DA:29,4
DA:30,1
DA:31,2
DA:35,2
DA:38,4
DA:39,2
DA:40,2
DA:41,4
DA:42,1
DA:43,2
DA:47,2
DA:51,4
DA:52,3
DA:53,2
DA:54,4
DA:55,1
DA:56,2
DA:60,2
DA:64,4
DA:65,5
DA:66,2
DA:67,4
DA:68,1
DA:69,2
DA:73,2
DA:77,4
DA:78,5
DA:79,2
DA:80,4
DA:81,1
DA:82,2
DA:86,1
DA:90,2
DA:91,5
DA:92,1
DA:93,2
DA:94,1
DA:95,2
DA:99,1
DA:103,3
DA:104,1
DA:105,1
DA:106,3
DA:112,1
DA:116,3
DA:117,1
DA:118,1
DA:119,3
DA:123,1
DA:125,2
DA:129,1
DA:131,2
DA:132,5
LF:58
LH:58
end_of_record
SF:lib/domain/entities/season.dart
DA:4,8
DA:22,3
DA:23,3
DA:24,3
DA:25,3
DA:26,3
DA:27,3
DA:28,3
DA:29,3
DA:30,3
LF:10
LH:10
end_of_record
SF:lib/domain/usecases/get_now_airing_tv_shows.dart
DA:10,2
DA:12,2
DA:13,4
LF:3
LH:3
end_of_record
SF:lib/domain/usecases/get_popular_tv_shows.dart
DA:10,2
DA:12,2
DA:13,4
LF:3
LH:3
end_of_record
SF:lib/domain/usecases/get_top_rated_tv_shows.dart
DA:10,2
DA:12,2
DA:13,4
LF:3
LH:3
end_of_record
SF:lib/domain/usecases/get_tv_show_detail.dart
DA:10,2
DA:12,2
DA:13,4
LF:3
LH:3
end_of_record
SF:lib/domain/usecases/get_tv_show_recommendations.dart
DA:10,2
DA:12,2
DA:13,4
LF:3
LH:3
end_of_record
SF:lib/domain/usecases/get_tv_show_watchlist.dart
DA:10,1
DA:12,1
DA:13,2
LF:3
LH:3
end_of_record
SF:lib/domain/usecases/get_tv_show_watchlist_status.dart
DA:6,1
DA:8,1
DA:9,2
LF:3
LH:3
end_of_record
SF:lib/domain/usecases/remove_tv_show_watchlist.dart
DA:10,1
DA:12,1
DA:13,2
LF:3
LH:3
end_of_record
SF:lib/domain/usecases/save_tv_show_watchlist.dart
DA:10,1
DA:12,1
DA:13,2
LF:3
LH:3
end_of_record
SF:lib/domain/usecases/search_tv_shows.dart
DA:10,2
DA:12,1
DA:13,2
LF:3
LH:3
end_of_record
SF:lib/presentation/blocs/now_airing_tv_shows/now_airing_tv_shows_bloc.dart
DA:13,4
DA:14,4
DA:19,2
DA:21,6
DA:23,6
DA:24,2
DA:25,12
DA:26,5
LF:8
LH:8
end_of_record
SF:lib/presentation/blocs/popular_tv_shows/popular_tv_shows_bloc.dart
DA:13,4
DA:14,4
DA:19,2
DA:21,6
DA:23,6
DA:24,2
DA:25,12
DA:26,5
LF:8
LH:8
end_of_record
SF:lib/presentation/blocs/search_tv_shows/search_tv_shows_bloc.dart
DA:12,4
DA:13,4
DA:18,1
DA:20,3
DA:22,4
DA:23,1
DA:24,6
DA:25,5
LF:8
LH:8
end_of_record
SF:lib/presentation/blocs/top_rated_tv_shows/top_rated_tv_shows_bloc.dart
DA:13,4
DA:14,4
DA:19,2
DA:21,6
DA:23,6
DA:24,2
DA:25,12
DA:26,5
LF:8
LH:8
end_of_record
SF:lib/presentation/blocs/tv_show_detail/tv_show_detail_bloc.dart
DA:12,4
DA:13,4
DA:18,2
DA:20,2
DA:22,6
DA:23,2
DA:24,8
DA:25,3
LF:8
LH:8
end_of_record
SF:lib/presentation/blocs/tv_show_recommendations/tv_show_recommendations_bloc.dart
DA:13,2
DA:14,2
DA:15,4
DA:20,2
DA:22,6
DA:24,8
DA:25,2
DA:26,12
DA:27,5
LF:9
LH:9
end_of_record
SF:lib/presentation/blocs/tv_show_watchlist/tv_show_watchlist_bloc.dart
DA:13,2
DA:14,2
DA:19,1
DA:21,3
DA:23,2
DA:24,1
DA:25,6
DA:26,5
LF:8
LH:8
end_of_record
SF:lib/presentation/blocs/tv_show_watchlist_status/tv_show_watchlist_status_bloc.dart
DA:16,1
DA:21,1
DA:22,2
DA:23,2
DA:31,1
DA:33,1
DA:35,3
DA:36,2
DA:39,1
DA:41,1
DA:43,4
DA:46,3
DA:47,1
DA:48,4
DA:49,1
DA:50,2
DA:51,1
DA:52,1
DA:56,3
DA:57,1
DA:58,4
DA:59,1
DA:60,2
DA:61,1
DA:62,1
LF:25
LH:25
end_of_record
SF:lib/presentation/pages/now_airing_tv_shows_page.dart
DA:11,10
DA:13,2
DA:15,2
DA:16,2
DA:17,2
DA:18,4
DA:19,2
DA:20,3
DA:21,3
DA:27,0
DA:29,0
DA:30,0
LF:12
LH:9
end_of_record
SF:lib/presentation/pages/tv_show_detail_page.dart
DA:16,3
DA:18,2
DA:20,2
DA:21,2
DA:22,2
DA:23,4
DA:24,2
DA:25,2
DA:26,2
DA:31,2
DA:38,1
DA:39,1
DA:41,1
DA:45,1
DA:46,1
DA:49,1
DA:50,2
DA:51,1
DA:53,1
DA:55,1
DA:56,1
DA:57,1
DA:60,1
DA:61,3
DA:62,1
DA:65,1
DA:67,1
DA:68,1
DA:69,1
DA:72,1
DA:73,2
DA:75,1
DA:79,2
DA:81,3
DA:83,2
DA:85,2
DA:87,2
DA:99,1
DA:104,1
DA:105,2
DA:106,1
DA:108,1
DA:109,1
DA:110,3
DA:120,1
DA:121,1
DA:122,1
DA:123,2
DA:126,1
DA:128,3
DA:135,1
DA:136,1
DA:140,1
DA:141,0
DA:142,0
DA:143,0
DA:144,0
DA:145,0
DA:146,0
DA:147,0
DA:148,0
DA:151,1
DA:152,1
DA:153,1
DA:154,1
DA:155,2
DA:156,1
DA:158,1
DA:160,0
DA:161,0
DA:162,0
DA:169,1
DA:170,1
DA:171,1
DA:172,2
DA:173,1
DA:175,1
DA:176,1
DA:177,1
DA:178,1
DA:181,1
DA:188,2
DA:189,1
DA:192,1
DA:194,1
DA:195,1
DA:197,3
DA:201,0
DA:204,1
DA:205,2
DA:206,1
DA:207,3
DA:208,1
DA:209,2
DA:217,1
DA:218,2
DA:220,2
DA:221,1
DA:224,1
DA:225,1
DA:226,1
DA:227,1
DA:229,1
DA:236,1
DA:238,3
DA:246,1
DA:247,2
DA:248,3
DA:249,1
DA:251,1
DA:253,1
DA:256,0
DA:261,1
DA:262,1
DA:265,1
DA:268,1
DA:269,2
DA:273,1
DA:274,2
DA:275,1
DA:276,3
DA:281,1
DA:286,1
DA:287,2
DA:288,1
DA:291,1
DA:293,1
DA:294,1
DA:296,3
DA:298,1
DA:299,1
DA:307,1
DA:309,1
DA:310,2
DA:311,1
DA:312,1
DA:313,1
DA:316,1
DA:317,1
DA:318,1
DA:319,2
DA:321,0
DA:322,0
DA:330,1
DA:331,2
DA:332,2
DA:333,2
DA:335,0
DA:337,0
DA:339,2
DA:347,1
DA:348,1
DA:349,1
DA:351,1
DA:352,2
DA:354,1
DA:356,1
DA:357,3
DA:358,3
DA:359,1
DA:360,3
DA:361,0
DA:362,0
DA:373,0
DA:377,0
DA:378,0
DA:383,0
DA:384,0
DA:386,0
DA:387,0
DA:388,0
LF:171
LH:144
end_of_record
SF:lib/presentation/pages/popular_tv_shows_page.dart
DA:11,10
DA:13,2
DA:15,2
DA:16,2
DA:17,2
DA:18,4
DA:19,2
DA:20,3
DA:21,3
DA:27,0
DA:29,0
DA:30,0
LF:12
LH:9
end_of_record
SF:lib/presentation/pages/search_tv_shows_page.dart
DA:12,4
DA:14,2
DA:16,2
DA:17,2
DA:18,2
DA:19,4
DA:20,2
DA:21,1
DA:22,2
DA:23,2
DA:29,0
DA:32,0
DA:33,0
DA:36,0
DA:38,0
DA:39,0
LF:16
LH:10
end_of_record
SF:lib/presentation/pages/top_rated_tv_shows_page.dart
DA:11,10
DA:13,2
DA:15,2
DA:16,2
DA:17,2
DA:18,4
DA:19,2
DA:20,3
DA:21,3
DA:27,0
DA:29,0
DA:30,0
LF:12
LH:9
end_of_record
SF:lib/presentation/pages/tv_show_dashboard_page.dart
DA:13,1
DA:15,1
DA:17,1
DA:18,1
DA:20,1
DA:21,1
DA:23,0
DA:24,0
DA:30,1
DA:33,1
DA:35,1
DA:36,1
DA:37,1
DA:38,1
DA:45,1
DA:46,1
DA:47,1
DA:48,1
DA:49,1
DA:50,1
DA:52,0
DA:53,0
DA:55,1
DA:56,2
DA:57,2
DA:58,2
DA:60,0
DA:62,0
DA:64,2
DA:71,1
DA:72,1
DA:73,1
DA:74,1
DA:75,1
DA:76,1
DA:78,0
DA:79,0
DA:81,1
DA:82,2
DA:83,2
DA:84,2
DA:86,0
DA:88,0
DA:90,2
DA:97,1
DA:98,1
DA:99,1
DA:100,1
DA:101,1
DA:102,1
DA:104,0
DA:105,0
DA:107,1
DA:108,2
DA:109,2
DA:110,2
DA:112,0
DA:114,0
DA:116,2
DA:123,1
DA:124,2
DA:125,1
DA:128,1
DA:130,1
DA:138,1
DA:139,2
DA:140,1
DA:143,1
DA:144,1
DA:146,1
LF:70
LH:56
end_of_record
SF:lib/presentation/pages/tv_show_recommendations_page.dart
DA:12,2
DA:13,1
DA:15,2
DA:17,2
DA:18,2
DA:19,2
DA:20,4
DA:21,2
DA:22,3
DA:23,3
DA:29,0
DA:31,0
DA:32,0
LF:13
LH:10
end_of_record
SF:lib/presentation/pages/tv_show_watchlist_page.dart
DA:10,1
DA:12,1
DA:14,1
DA:15,1
DA:16,1
DA:17,2
DA:18,2
DA:19,1
DA:20,2
DA:21,2
DA:27,0
DA:29,0
DA:30,0
LF:13
LH:10
end_of_record
SF:lib/presentation/routes/routes.dart
DA:8,1
DA:9,1
DA:10,1
DA:11,1
DA:12,1
DA:13,1
DA:14,1
DA:15,1
DA:16,4
DA:17,1
DA:18,0
DA:19,0
DA:20,1
DA:21,0
DA:22,0
DA:24,1
DA:29,1
DA:30,1
DA:31,1
DA:32,1
DA:33,4
DA:34,1
DA:39,1
DA:40,1
DA:41,1
DA:42,3
DA:47,1
DA:48,1
DA:49,1
DA:50,3
DA:55,1
DA:56,1
DA:57,3
DA:58,1
DA:62,1
DA:63,1
DA:64,1
DA:65,3
LF:38
LH:34
end_of_record
