SF:lib/init.dart
DA:6,3
DA:8,1
DA:10,2
DA:13,4
LF:4
LH:4
end_of_record
SF:lib/data/helpers/database_helper.dart
DA:23,1
DA:25,1
DA:28,1
DA:31,0
DA:32,0
DA:40,0
DA:43,0
DA:44,0
DA:46,0
DA:47,0
DA:50,1
DA:52,1
DA:53,2
DA:56,1
DA:58,1
DA:59,1
DA:62,2
DA:66,1
DA:68,1
DA:69,1
DA:72,1
DA:78,1
DA:79,1
DA:85,1
DA:87,1
DA:88,1
DA:91,1
LF:27
LH:20
end_of_record
SF:lib/data/models/watchlist_table.dart
LF:0
LH:0
end_of_record
SF:lib/data/models/genre_model.dart
DA:13,4
DA:15,2
DA:16,2
DA:18,2
DA:20,1
DA:21,3
DA:25,2
DA:26,6
LF:8
LH:8
end_of_record
SF:lib/data/models/genre_model.g.dart
DA:9,4
DA:10,2
DA:11,2
DA:14,1
DA:15,1
DA:16,1
DA:17,1
LF:7
LH:7
end_of_record
SF:lib/domain/entities/genre.dart
DA:4,4
DA:12,1
DA:13,3
LF:3
LH:3
end_of_record
SF:lib/common/exception.dart
LF:0
LH:0
end_of_record
SF:lib/common/failure.dart
LF:0
LH:0
end_of_record
SF:lib/domain/entities/watchlist.dart
LF:0
LH:0
end_of_record
SF:lib/presentation/pages/entertainment_list_page.dart
LF:0
LH:0
end_of_record
SF:lib/presentation/pages/raw_list_page.dart
LF:0
LH:0
end_of_record
SF:lib/presentation/pages/search_page.dart
LF:0
LH:0
end_of_record
SF:lib/presentation/widgets/entertainment_card/entertainment_simple_card.dart
LF:0
LH:0
end_of_record
SF:lib/presentation/widgets/entertainment_card/entertainment_detail_card.dart
LF:0
LH:0
end_of_record
SF:lib/presentation/widgets/entertainment_card/entertainment_card.dart
LF:0
LH:0
end_of_record
SF:lib/presentation/utils/theme_builder.dart
LF:0
LH:0
end_of_record
SF:lib/presentation/widgets/entertainment_horizontal_list.dart
LF:0
LH:0
end_of_record
SF:lib/presentation/widgets/home_subheading.dart
LF:0
LH:0
end_of_record
SF:lib/presentation/widgets/watchlist_button.dart
LF:0
LH:0
end_of_record
