SF:lib/common/exception.dart
LF:0
LH:0
end_of_record
SF:lib/common/failure.dart
LF:0
LH:0
end_of_record
SF:lib/data/repositories/analytic_repository_impl.dart
DA:10,1
DA:12,1
DA:16,2
DA:18,1
LF:4
LH:4
end_of_record
SF:lib/data/sources/analytic_remote_data_source.dart
DA:16,1
DA:18,1
DA:21,2
DA:26,1
DA:29,1
DA:32,1
LF:6
LH:6
end_of_record
SF:lib/common/logger.dart
LF:0
LH:0
end_of_record
SF:lib/data/models/genre_model.dart
DA:13,4
DA:15,2
DA:16,2
DA:18,2
DA:20,1
DA:21,3
DA:25,2
DA:26,6
LF:8
LH:8
end_of_record
SF:lib/data/models/genre_model.g.dart
DA:9,4
DA:10,2
DA:11,2
DA:14,1
DA:15,1
DA:16,1
DA:17,1
LF:7
LH:7
end_of_record
SF:lib/domain/entities/genre.dart
DA:4,4
DA:12,1
DA:13,3
LF:3
LH:3
end_of_record
SF:lib/data/helpers/database_helper.dart
DA:21,1
DA:23,1
DA:25,1
DA:26,2
DA:29,1
DA:31,1
DA:32,1
DA:35,2
DA:39,1
DA:41,1
DA:42,1
DA:45,1
DA:51,1
DA:52,1
DA:58,1
DA:60,1
DA:61,1
DA:64,1
LF:18
LH:18
end_of_record
SF:lib/data/models/watchlist_table.dart
LF:0
LH:0
end_of_record
SF:lib/data/helpers/functions/create_db.dart
LF:0
LH:0
end_of_record
SF:lib/data/helpers/functions/create_io_client.dart
LF:0
LH:0
end_of_record
SF:lib/domain/entities/watchlist.dart
LF:0
LH:0
end_of_record
SF:lib/domain/usecases/log_selected_content.dart
DA:9,1
DA:11,1
DA:15,2
LF:3
LH:3
end_of_record
SF:lib/presentation/pages/entertainment_list_page.dart
LF:0
LH:0
end_of_record
SF:lib/presentation/pages/raw_list_page.dart
LF:0
LH:0
end_of_record
SF:lib/presentation/pages/search_page.dart
LF:0
LH:0
end_of_record
SF:lib/presentation/widgets/entertainment_card/entertainment_simple_card.dart
LF:0
LH:0
end_of_record
SF:lib/presentation/widgets/entertainment_card/entertainment_detail_card.dart
LF:0
LH:0
end_of_record
SF:lib/presentation/widgets/entertainment_card/entertainment_card.dart
LF:0
LH:0
end_of_record
SF:lib/presentation/utils/theme_builder.dart
LF:0
LH:0
end_of_record
SF:lib/presentation/widgets/entertainment_horizontal_list.dart
LF:0
LH:0
end_of_record
SF:lib/presentation/widgets/home_subheading.dart
LF:0
LH:0
end_of_record
SF:lib/presentation/widgets/watchlist_button.dart
LF:0
LH:0
end_of_record
