SF:lib/data/models/movie_detail_model.dart
DA:33,3
DA:57,2
DA:58,2
DA:60,1
DA:61,1
DA:62,1
DA:63,1
DA:64,1
DA:65,1
DA:66,1
DA:67,1
DA:68,1
DA:69,1
DA:70,1
DA:71,1
DA:72,1
DA:73,1
DA:74,1
DA:75,1
DA:76,1
DA:77,1
DA:78,1
DA:79,1
DA:80,1
DA:81,1
DA:82,1
DA:87,2
DA:88,2
DA:89,2
DA:90,2
DA:91,10
DA:92,2
DA:93,2
DA:94,2
DA:95,2
DA:96,2
DA:97,2
DA:98,2
DA:99,2
DA:100,2
LF:40
LH:40
end_of_record
SF:lib/data/models/movie_detail_model.g.dart
DA:9,2
DA:10,2
DA:11,2
DA:12,2
DA:13,2
DA:14,2
DA:15,6
DA:16,2
DA:17,2
DA:18,2
DA:19,2
DA:20,2
DA:21,2
DA:22,2
DA:23,4
DA:24,2
DA:25,2
DA:26,2
DA:27,2
DA:28,2
DA:29,2
DA:30,2
DA:31,2
DA:32,4
DA:33,2
LF:25
LH:25
end_of_record
SF:lib/data/models/movie_model.dart
DA:24,5
DA:40,2
DA:41,2
DA:43,2
DA:45,2
DA:46,2
DA:47,2
DA:48,2
DA:49,2
DA:50,2
DA:51,2
DA:52,2
DA:53,2
DA:54,2
DA:55,2
DA:56,2
DA:57,2
DA:58,2
DA:59,2
DA:64,2
DA:65,2
DA:66,2
DA:67,2
DA:68,2
DA:69,2
DA:70,2
DA:71,2
DA:72,2
DA:73,2
DA:74,2
DA:75,2
DA:76,2
DA:77,2
DA:78,2
LF:34
LH:34
end_of_record
SF:lib/data/models/movie_model.g.dart
DA:9,4
DA:10,2
DA:11,2
DA:12,8
DA:13,2
DA:14,2
DA:15,2
DA:16,4
DA:17,2
DA:18,2
DA:19,2
DA:20,2
DA:21,4
DA:22,2
DA:25,1
DA:26,1
DA:27,1
DA:28,1
DA:29,1
DA:30,1
DA:31,1
DA:32,1
DA:33,1
DA:34,1
DA:35,1
DA:36,1
DA:37,1
DA:38,1
DA:39,1
LF:29
LH:29
end_of_record
SF:lib/data/models/movie_response.dart
DA:8,3
DA:10,4
DA:11,4
DA:12,6
DA:13,6
DA:16,2
DA:17,5
DA:20,1
DA:21,2
LF:9
LH:9
end_of_record
SF:lib/data/models/movie_table.dart
DA:7,22
DA:12,2
DA:14,2
DA:15,1
DA:16,1
DA:17,1
DA:18,1
DA:21,2
DA:22,1
DA:23,1
DA:24,1
DA:25,1
DA:28,2
DA:29,1
DA:30,1
DA:31,1
DA:32,1
LF:17
LH:17
end_of_record
SF:lib/domain/entities/movie_detail.dart
DA:4,22
DA:17,2
DA:28,2
DA:29,2
DA:30,2
DA:31,2
DA:32,2
DA:33,2
DA:34,2
DA:35,2
DA:36,2
DA:37,2
LF:12
LH:12
end_of_record
SF:lib/domain/entities/movie.dart
DA:4,24
DA:18,2
DA:30,8
DA:31,8
DA:32,8
DA:33,8
DA:34,8
DA:35,8
DA:36,8
DA:37,8
DA:38,8
DA:39,8
DA:40,8
DA:41,8
DA:42,8
DA:43,8
DA:44,8
LF:17
LH:17
end_of_record
SF:lib/data/repositories/movie_repository_impl.dart
DA:20,2
DA:22,2
DA:25,4
DA:26,5
DA:27,2
DA:29,1
DA:34,2
DA:37,4
DA:38,2
DA:39,2
DA:41,1
DA:46,2
DA:49,4
DA:50,3
DA:51,2
DA:53,1
DA:58,2
DA:61,4
DA:62,5
DA:63,2
DA:65,1
DA:70,2
DA:73,4
DA:74,5
DA:75,2
DA:77,1
DA:82,1
DA:85,2
DA:86,5
DA:87,1
DA:89,1
DA:94,1
DA:98,3
DA:99,1
DA:100,1
DA:101,3
DA:107,1
DA:111,3
DA:112,1
DA:113,1
DA:114,3
DA:118,1
DA:120,2
DA:124,1
DA:126,2
DA:127,5
LF:46
LH:46
end_of_record
SF:lib/data/sources/movie_local_data_source.dart
DA:16,2
DA:18,1
DA:21,2
DA:24,2
DA:28,1
DA:31,2
DA:34,2
DA:38,1
DA:40,2
DA:42,1
DA:48,1
DA:50,2
DA:51,4
LF:13
LH:13
end_of_record
SF:lib/data/sources/movie_remote_data_source.dart
DA:28,2
DA:30,2
DA:33,8
DA:35,4
DA:36,4
DA:38,2
DA:42,2
DA:44,8
DA:46,4
DA:47,3
DA:49,2
DA:53,2
DA:55,2
DA:56,6
DA:58,4
DA:59,4
DA:61,2
DA:65,2
DA:68,8
DA:70,4
DA:71,4
DA:73,2
DA:77,2
DA:80,8
DA:82,4
DA:83,4
DA:85,2
DA:89,1
DA:91,1
DA:92,3
DA:94,2
DA:95,4
DA:97,1
LF:33
LH:33
end_of_record
SF:lib/domain/usecases/get_movie_detail.dart
DA:10,2
DA:12,2
DA:13,4
LF:3
LH:3
end_of_record
SF:lib/domain/usecases/get_movie_recommendations.dart
DA:10,2
DA:12,2
DA:13,4
LF:3
LH:3
end_of_record
SF:lib/domain/usecases/get_movie_watchlist.dart
DA:10,1
DA:12,1
DA:13,2
LF:3
LH:3
end_of_record
SF:lib/domain/usecases/get_movie_watchlist_status.dart
DA:6,1
DA:8,1
DA:9,2
LF:3
LH:3
end_of_record
SF:lib/domain/usecases/get_now_playing_movies.dart
DA:10,2
DA:12,2
DA:13,4
LF:3
LH:3
end_of_record
SF:lib/domain/usecases/get_popular_movies.dart
DA:10,2
DA:12,2
DA:13,4
LF:3
LH:3
end_of_record
SF:lib/domain/usecases/get_top_rated_movies.dart
DA:10,2
DA:12,2
DA:13,4
LF:3
LH:3
end_of_record
SF:lib/domain/usecases/remove_movie_watchlist.dart
DA:10,1
DA:12,1
DA:13,2
LF:3
LH:3
end_of_record
SF:lib/domain/usecases/save_movie_watchlist.dart
DA:10,1
DA:12,1
DA:13,2
LF:3
LH:3
end_of_record
SF:lib/domain/usecases/search_movies.dart
DA:10,2
DA:12,1
DA:13,2
LF:3
LH:3
end_of_record
SF:lib/init.dart
LF:0
LH:0
end_of_record
SF:lib/presentation/routes/routes.dart
DA:8,1
DA:9,1
DA:10,1
DA:11,1
DA:12,1
DA:13,1
DA:14,1
DA:15,3
DA:16,2
DA:17,1
DA:18,0
DA:19,0
DA:20,0
DA:21,1
DA:22,0
DA:23,0
DA:25,1
DA:29,1
DA:30,1
DA:31,1
DA:32,3
DA:33,2
DA:34,1
DA:39,1
DA:40,1
DA:41,1
DA:42,3
DA:47,1
DA:48,1
DA:49,1
DA:50,3
DA:55,1
DA:56,1
DA:57,3
DA:58,1
DA:62,1
DA:63,1
DA:64,1
DA:65,3
LF:39
LH:34
end_of_record
SF:lib/presentation/blocs/movie_detail/movie_detail_bloc.dart
DA:12,2
DA:13,2
DA:14,4
DA:19,2
DA:21,2
DA:23,6
DA:24,2
DA:25,8
DA:26,3
LF:9
LH:9
end_of_record
SF:lib/presentation/blocs/movie_recommendations/movie_recommendations_bloc.dart
DA:13,2
DA:14,2
DA:15,4
DA:20,2
DA:22,6
DA:24,8
DA:25,2
DA:26,12
DA:27,5
LF:9
LH:9
end_of_record
SF:lib/presentation/blocs/movie_watchlist/movie_watchlist_bloc.dart
DA:13,1
DA:14,1
DA:15,2
DA:20,1
DA:22,1
DA:24,2
DA:25,1
DA:26,4
DA:27,3
LF:9
LH:9
end_of_record
SF:lib/presentation/blocs/movie_watchlist_status/movie_watchlist_status_bloc.dart
DA:12,1
DA:17,1
DA:18,2
DA:19,2
DA:27,1
DA:29,1
DA:31,3
DA:32,2
DA:35,1
DA:37,1
DA:39,4
DA:42,3
DA:43,1
DA:44,4
DA:45,1
DA:46,2
DA:47,2
DA:51,3
DA:52,1
DA:53,4
DA:54,1
DA:55,2
DA:56,2
LF:23
LH:23
end_of_record
SF:lib/presentation/blocs/now_playing_movies/now_playing_movies_bloc.dart
DA:13,4
DA:14,4
DA:19,2
DA:21,6
DA:23,6
DA:24,2
DA:25,12
DA:26,5
LF:8
LH:8
end_of_record
SF:lib/presentation/blocs/popular_movies/popular_movies_bloc.dart
DA:12,2
DA:13,2
DA:14,4
DA:19,2
DA:21,6
DA:23,6
DA:24,2
DA:25,12
DA:26,5
LF:9
LH:9
end_of_record
SF:lib/presentation/blocs/search_movies/search_movies_bloc.dart
DA:12,4
DA:13,4
DA:18,1
DA:20,3
DA:22,4
DA:23,1
DA:24,6
DA:25,5
LF:8
LH:8
end_of_record
SF:lib/presentation/blocs/top_rated_movies/top_rated_movies_bloc.dart
DA:13,2
DA:14,2
DA:15,4
DA:20,2
DA:22,6
DA:24,6
DA:25,2
DA:26,12
DA:27,5
LF:9
LH:9
end_of_record
SF:lib/presentation/pages/movie_dashboard_page.dart
DA:8,1
DA:10,1
DA:12,1
DA:13,1
DA:15,1
DA:16,1
DA:18,0
DA:19,0
DA:25,1
DA:28,1
DA:30,1
DA:31,1
DA:32,1
DA:33,1
DA:40,1
DA:41,1
DA:42,1
DA:43,1
DA:44,1
DA:45,1
DA:47,0
DA:48,0
DA:50,1
DA:51,2
DA:52,2
DA:53,2
DA:55,0
DA:57,0
DA:59,2
DA:66,1
DA:67,1
DA:68,1
DA:69,1
DA:70,1
DA:71,1
DA:73,0
DA:74,0
DA:76,1
DA:77,2
DA:78,2
DA:79,2
DA:81,0
DA:83,0
DA:85,2
DA:92,1
DA:93,1
DA:94,1
DA:95,1
DA:96,1
DA:97,1
DA:99,0
DA:100,0
DA:102,1
DA:103,2
DA:104,2
DA:105,2
DA:107,0
DA:109,0
DA:111,2
DA:118,1
DA:119,2
DA:120,1
DA:123,1
DA:125,1
DA:133,1
DA:134,2
DA:135,1
DA:138,1
DA:139,1
DA:141,1
LF:70
LH:56
end_of_record
SF:lib/presentation/pages/movie_detail_page.dart
DA:18,3
DA:20,2
DA:22,2
DA:23,2
DA:24,2
DA:25,4
DA:26,2
DA:27,2
DA:28,2
DA:33,2
DA:40,1
DA:41,1
DA:43,1
DA:47,1
DA:48,1
DA:51,1
DA:52,2
DA:53,1
DA:55,1
DA:57,1
DA:58,1
DA:59,1
DA:62,1
DA:63,3
DA:64,1
DA:67,1
DA:69,1
DA:70,1
DA:71,1
DA:74,1
DA:75,2
DA:77,1
DA:81,2
DA:83,3
DA:85,2
DA:87,2
DA:89,2
DA:101,1
DA:106,1
DA:107,2
DA:108,1
DA:110,1
DA:111,1
DA:112,3
DA:122,1
DA:123,1
DA:124,1
DA:125,2
DA:128,1
DA:130,3
DA:137,1
DA:138,1
DA:141,1
DA:142,0
DA:143,0
DA:144,0
DA:145,0
DA:146,0
DA:147,0
DA:148,0
DA:149,0
DA:152,1
DA:153,1
DA:154,1
DA:155,1
DA:156,2
DA:157,1
DA:159,1
DA:161,0
DA:162,0
DA:163,0
DA:170,1
DA:171,1
DA:172,1
DA:174,1
DA:175,2
DA:178,1
DA:179,1
DA:185,1
DA:186,3
DA:187,3
DA:195,1
DA:196,2
DA:198,2
DA:199,1
DA:202,1
DA:203,1
DA:204,1
DA:205,1
DA:207,1
DA:214,1
DA:216,3
DA:224,1
DA:225,2
DA:226,3
DA:227,1
DA:229,1
DA:231,1
DA:234,0
DA:239,1
DA:240,1
DA:243,1
DA:246,1
DA:247,2
DA:251,1
DA:252,2
DA:253,1
DA:254,3
DA:259,1
DA:264,1
DA:265,2
DA:266,1
DA:269,1
DA:271,1
DA:272,1
DA:274,3
DA:276,1
DA:277,1
DA:285,1
DA:287,1
DA:288,2
DA:289,1
DA:290,1
DA:291,1
DA:294,1
DA:295,1
DA:296,1
DA:297,2
DA:299,0
DA:300,0
DA:308,1
DA:309,2
DA:310,2
DA:311,2
DA:313,0
DA:315,0
DA:317,2
DA:325,1
DA:326,1
DA:327,1
DA:329,1
DA:330,2
DA:332,1
DA:334,1
DA:335,3
DA:336,3
DA:337,1
DA:338,3
DA:339,0
DA:340,0
DA:351,0
DA:355,0
DA:356,0
DA:361,0
DA:362,0
DA:364,0
DA:365,0
DA:366,0
LF:158
LH:132
end_of_record
SF:lib/presentation/pages/movie_recommendations_page.dart
DA:11,2
DA:12,1
DA:14,2
DA:16,2
DA:17,2
DA:18,2
DA:19,4
DA:20,2
DA:21,3
DA:22,3
DA:28,0
DA:30,0
LF:12
LH:10
end_of_record
SF:lib/presentation/pages/movie_watchlist_page.dart
DA:10,1
DA:12,1
DA:14,1
DA:15,1
DA:16,1
DA:17,2
DA:18,2
DA:19,1
DA:20,2
DA:21,2
DA:27,0
DA:29,0
LF:12
LH:10
end_of_record
SF:lib/presentation/pages/now_playing_movies_page.dart
DA:10,34
DA:12,2
DA:14,2
DA:15,2
DA:16,2
DA:17,4
DA:18,2
DA:19,3
DA:20,3
DA:26,0
DA:28,0
LF:11
LH:9
end_of_record
SF:lib/presentation/pages/popular_movies_page.dart
DA:10,34
DA:12,2
DA:14,2
DA:15,2
DA:16,2
DA:17,4
DA:18,2
DA:19,3
DA:20,3
DA:26,0
DA:28,0
LF:11
LH:9
end_of_record
SF:lib/presentation/pages/search_movies_page.dart
DA:12,4
DA:14,2
DA:16,2
DA:17,2
DA:18,2
DA:19,4
DA:20,2
DA:21,1
DA:22,2
DA:23,2
DA:29,0
DA:32,0
DA:33,0
DA:36,0
DA:38,0
LF:15
LH:10
end_of_record
SF:lib/presentation/pages/top_rated_movies_page.dart
DA:10,34
DA:12,2
DA:14,2
DA:15,2
DA:16,2
DA:17,4
DA:18,2
DA:19,3
DA:20,3
DA:26,0
DA:28,0
LF:11
LH:9
end_of_record
