SF:lib/injection.dart
DA:49,3
DA:52,1
DA:57,2
DA:58,0
DA:59,2
DA:60,2
DA:61,2
DA:62,2
DA:63,2
DA:64,0
DA:65,2
DA:66,2
DA:67,0
DA:68,0
DA:70,2
DA:71,0
DA:72,2
DA:73,2
DA:74,2
DA:75,2
DA:76,2
DA:77,2
DA:78,0
DA:81,2
DA:82,2
DA:83,2
DA:84,2
DA:85,2
DA:86,2
DA:87,2
DA:88,2
DA:89,2
DA:90,2
DA:92,2
DA:93,2
DA:94,2
DA:95,2
DA:96,2
DA:97,2
DA:98,2
DA:99,2
DA:100,2
DA:101,2
DA:104,2
DA:105,0
DA:106,2
DA:107,0
DA:110,2
DA:111,0
DA:112,2
DA:113,0
DA:114,2
DA:115,0
DA:116,2
DA:117,0
DA:120,2
DA:123,4
LF:57
LH:45
end_of_record
SF:lib/presentation/provider/movie_list_notifier.dart
DA:12,1
DA:13,5
DA:17,2
DA:21,1
DA:22,5
DA:26,2
DA:30,1
DA:31,5
DA:35,2
DA:39,2
DA:41,1
DA:51,1
DA:52,1
DA:53,1
DA:55,2
DA:56,1
DA:57,1
DA:58,1
DA:59,2
DA:60,1
DA:62,1
DA:63,1
DA:64,1
DA:65,1
DA:70,1
DA:71,1
DA:72,1
DA:74,2
DA:75,1
DA:76,1
DA:77,1
DA:78,2
DA:79,1
DA:81,1
DA:82,1
DA:83,1
DA:84,1
DA:89,1
DA:90,1
DA:91,1
DA:93,2
DA:94,1
DA:95,1
DA:96,1
DA:97,2
DA:98,1
DA:100,1
DA:101,1
DA:102,1
DA:103,1
LF:50
LH:50
end_of_record
SF:lib/common/exception.dart
DA:6,4
LF:1
LH:1
end_of_record
SF:lib/common/failure.dart
DA:6,16
DA:8,2
DA:9,4
DA:13,30
DA:17,4
DA:21,10
LF:6
LH:6
end_of_record
SF:lib/data/datasources/database_helper.dart
DA:9,0
DA:13,0
DA:17,0
DA:19,0
DA:26,0
DA:27,0
DA:28,0
DA:30,0
DA:34,0
DA:35,0
DA:43,0
DA:46,0
DA:47,0
DA:48,0
DA:51,0
DA:52,0
DA:53,0
DA:56,0
DA:60,0
DA:61,0
DA:62,0
DA:65,0
DA:71,0
DA:72,0
DA:78,0
DA:79,0
DA:80,0
DA:83,0
LF:28
LH:0
end_of_record
SF:lib/data/models/watchlist_table.dart
DA:11,4
DA:19,0
DA:20,0
DA:21,0
DA:22,0
DA:23,0
DA:24,0
DA:27,4
DA:29,4
DA:30,4
DA:31,4
DA:32,4
DA:33,4
DA:34,4
LF:14
LH:8
end_of_record
SF:lib/data/datasources/movie_local_data_source.dart
DA:15,1
DA:17,1
DA:20,2
DA:23,2
DA:27,1
DA:30,2
DA:33,2
DA:37,1
DA:39,2
DA:41,1
DA:47,1
DA:49,2
DA:50,4
LF:13
LH:13
end_of_record
SF:lib/data/models/movie_table.dart
DA:6,2
DA:11,2
DA:13,2
DA:14,1
DA:15,1
DA:16,1
DA:17,1
DA:20,2
DA:21,1
DA:22,1
DA:23,1
DA:24,1
DA:27,2
DA:28,1
DA:29,1
DA:30,1
DA:31,1
LF:17
LH:17
end_of_record
SF:lib/data/datasources/movie_remote_data_source.dart
DA:24,1
DA:26,1
DA:29,4
DA:31,2
DA:32,4
DA:34,1
DA:38,1
DA:41,4
DA:43,2
DA:44,3
DA:46,1
DA:50,1
DA:52,1
DA:53,3
DA:55,2
DA:56,4
DA:58,1
DA:62,1
DA:65,4
DA:67,2
DA:68,4
DA:70,1
DA:74,1
DA:77,4
DA:79,2
DA:80,4
DA:82,1
DA:86,1
DA:88,1
DA:89,3
DA:91,2
DA:92,4
DA:94,1
LF:33
LH:33
end_of_record
SF:lib/data/models/movie_detail_model.dart
DA:6,2
DA:52,1
DA:53,1
DA:54,1
DA:55,1
DA:56,1
DA:57,1
DA:58,4
DA:59,1
DA:60,1
DA:61,1
DA:62,1
DA:63,1
DA:64,1
DA:65,2
DA:66,1
DA:67,1
DA:68,1
DA:69,1
DA:70,1
DA:71,1
DA:72,1
DA:73,1
DA:74,2
DA:75,1
DA:78,0
DA:79,0
DA:80,0
DA:81,0
DA:82,0
DA:83,0
DA:84,0
DA:85,0
DA:86,0
DA:87,0
DA:88,0
DA:89,0
DA:90,0
DA:91,0
DA:92,0
DA:93,0
DA:94,0
DA:95,0
DA:96,0
DA:97,0
DA:98,0
DA:99,0
DA:102,1
DA:103,1
DA:104,1
DA:105,1
DA:106,5
DA:107,1
DA:108,1
DA:109,1
DA:110,1
DA:111,1
DA:112,1
DA:113,1
DA:114,1
DA:115,1
DA:119,1
DA:120,1
DA:121,1
DA:122,1
DA:123,1
DA:124,1
DA:125,1
DA:126,1
DA:127,1
DA:128,1
DA:129,1
DA:130,1
DA:131,1
DA:132,1
DA:133,1
DA:134,1
DA:135,1
DA:136,1
DA:137,1
DA:138,1
DA:139,1
DA:140,1
DA:141,1
LF:84
LH:62
end_of_record
SF:lib/data/models/movie_model.dart
DA:5,4
DA:35,4
DA:36,2
DA:37,2
DA:38,8
DA:39,2
DA:40,2
DA:41,2
DA:42,4
DA:43,2
DA:44,2
DA:45,2
DA:46,2
DA:47,4
DA:48,2
DA:51,2
DA:52,1
DA:53,1
DA:54,4
DA:55,1
DA:56,1
DA:57,1
DA:58,1
DA:59,1
DA:60,1
DA:61,1
DA:62,1
DA:63,1
DA:64,1
DA:67,2
DA:68,2
DA:69,2
DA:70,2
DA:71,2
DA:72,2
DA:73,2
DA:74,2
DA:75,2
DA:76,2
DA:77,2
DA:78,2
DA:79,2
DA:80,2
DA:81,2
DA:85,2
DA:86,2
DA:87,2
DA:88,2
DA:89,2
DA:90,2
DA:91,2
DA:92,2
DA:93,2
DA:94,2
DA:95,2
DA:96,2
DA:97,2
DA:98,2
DA:99,2
LF:59
LH:59
end_of_record
SF:lib/data/models/movie_response.dart
DA:7,2
DA:9,4
DA:10,4
DA:11,6
DA:12,6
DA:15,2
DA:16,5
DA:19,1
DA:20,2
LF:9
LH:9
end_of_record
SF:lib/data/datasources/tv_show_local_data_source.dart
DA:16,1
DA:18,1
DA:21,2
DA:24,2
DA:28,1
DA:31,2
DA:34,2
DA:38,1
DA:40,2
DA:42,1
DA:48,1
DA:50,2
DA:51,4
LF:13
LH:13
end_of_record
SF:lib/data/models/tv_show_table.dart
DA:6,2
DA:11,2
DA:13,2
DA:14,1
DA:15,1
DA:16,1
DA:17,1
DA:20,2
DA:21,1
DA:22,1
DA:23,1
DA:24,1
DA:27,2
DA:28,1
DA:29,1
DA:30,1
DA:31,1
LF:17
LH:17
end_of_record
SF:lib/data/datasources/tv_show_remote_data_source.dart
DA:30,1
DA:32,1
DA:34,1
DA:35,3
DA:37,2
DA:38,4
DA:40,1
DA:44,1
DA:46,4
DA:48,2
DA:49,3
DA:51,1
DA:55,1
DA:58,1
DA:59,3
DA:61,2
DA:62,4
DA:64,1
DA:68,1
DA:71,4
DA:73,2
DA:74,4
DA:76,1
DA:80,1
DA:82,1
DA:83,3
DA:85,2
DA:86,4
DA:88,1
DA:92,1
DA:94,1
DA:95,3
DA:97,2
DA:98,4
DA:100,1
LF:35
LH:35
end_of_record
SF:lib/data/models/tv_show_response.dart
DA:5,2
DA:17,1
DA:23,1
DA:24,1
DA:25,1
DA:26,1
DA:27,1
DA:30,4
DA:31,2
DA:32,4
DA:33,6
DA:34,6
DA:35,2
DA:36,2
DA:39,2
DA:40,1
DA:41,5
DA:42,1
DA:43,1
DA:46,1
DA:47,1
DA:48,1
DA:49,1
DA:50,1
DA:51,1
LF:25
LH:25
end_of_record
SF:lib/data/models/tv_show_detail_model.dart
DA:11,8
DA:71,0
DA:101,0
DA:102,0
DA:103,0
DA:104,0
DA:105,0
DA:106,0
DA:107,0
DA:108,0
DA:109,0
DA:110,0
DA:111,0
DA:112,0
DA:113,0
DA:114,0
DA:115,0
DA:116,0
DA:117,0
DA:118,0
DA:119,0
DA:120,0
DA:121,0
DA:122,0
DA:123,0
DA:124,0
DA:125,0
DA:126,0
DA:127,0
DA:128,0
DA:129,0
DA:132,8
DA:133,8
DA:134,8
DA:135,8
DA:136,32
DA:137,32
DA:138,16
DA:139,8
DA:140,32
DA:141,8
DA:142,8
DA:143,8
DA:144,32
DA:145,16
DA:146,16
DA:147,8
DA:148,8
DA:149,0
DA:151,8
DA:152,8
DA:153,32
DA:154,8
DA:155,8
DA:156,8
DA:157,16
DA:158,8
DA:159,8
DA:160,32
DA:161,8
DA:162,32
DA:163,8
DA:164,8
DA:165,8
DA:166,16
DA:167,8
DA:170,2
DA:171,1
DA:172,5
DA:173,4
DA:175,13
DA:176,5
DA:177,1
DA:178,1
DA:179,1
DA:180,4
DA:182,13
DA:183,2
DA:184,1
DA:185,1
DA:186,1
DA:187,1
DA:188,4
DA:189,1
DA:190,1
DA:191,1
DA:192,1
DA:193,1
DA:194,5
DA:196,5
DA:197,1
DA:198,1
DA:199,1
DA:200,1
DA:201,1
DA:204,0
DA:205,0
DA:206,0
DA:207,0
DA:208,0
DA:209,0
DA:210,0
DA:211,0
DA:212,0
DA:213,0
DA:214,0
DA:215,0
DA:216,0
DA:217,0
DA:218,0
DA:219,0
DA:220,0
DA:221,0
DA:222,0
DA:223,0
DA:224,0
DA:225,0
DA:226,0
DA:227,0
DA:228,0
DA:229,0
DA:230,0
DA:231,0
DA:232,0
DA:233,0
DA:238,7
DA:239,7
DA:240,7
DA:241,7
DA:242,7
DA:243,35
DA:244,7
DA:245,7
DA:246,7
DA:247,7
DA:248,7
DA:249,7
DA:250,7
DA:251,7
DA:252,7
DA:253,7
DA:254,7
DA:255,7
DA:256,7
DA:257,7
DA:258,7
DA:259,7
DA:260,7
DA:261,7
DA:262,7
DA:263,35
LF:151
LH:90
end_of_record
SF:lib/data/models/tv_show_model.dart
DA:5,4
DA:35,1
DA:50,1
DA:51,1
DA:52,1
DA:53,1
DA:54,1
DA:55,1
DA:56,1
DA:57,1
DA:58,1
DA:59,1
DA:60,1
DA:61,1
DA:62,1
DA:63,1
DA:66,8
DA:67,4
DA:68,8
DA:69,4
DA:70,4
DA:71,8
DA:72,4
DA:73,4
DA:74,16
DA:76,16
DA:77,4
DA:78,4
DA:79,4
DA:80,4
DA:81,4
DA:82,8
DA:86,4
DA:87,4
DA:88,4
DA:89,4
DA:90,4
DA:91,4
DA:92,4
DA:93,2
DA:94,10
DA:95,10
DA:96,4
DA:97,4
DA:98,4
DA:99,4
DA:100,2
DA:101,2
DA:102,26
DA:105,2
DA:106,2
DA:107,2
DA:108,2
DA:109,2
DA:110,2
DA:111,2
DA:112,2
DA:113,2
DA:114,2
DA:115,2
DA:116,2
DA:117,2
DA:118,2
DA:123,2
DA:124,2
DA:125,2
DA:126,2
DA:127,2
DA:128,2
DA:129,2
DA:130,2
DA:131,2
DA:132,2
DA:133,2
DA:134,2
DA:135,2
DA:136,2
LF:77
LH:77
end_of_record
SF:lib/data/models/creator_model.dart
DA:2,8
DA:16,0
DA:23,0
DA:24,0
DA:25,0
DA:26,0
DA:27,0
DA:28,0
DA:31,16
DA:32,8
DA:33,8
DA:34,8
DA:35,8
DA:36,8
DA:39,2
DA:40,1
DA:41,1
DA:42,1
DA:43,1
DA:44,1
LF:20
LH:13
end_of_record
SF:lib/data/models/episode_model.dart
DA:2,8
DA:26,0
DA:38,0
DA:39,0
DA:40,0
DA:41,0
DA:42,0
DA:43,0
DA:44,0
DA:45,0
DA:46,0
DA:47,0
DA:48,0
DA:51,16
DA:52,16
DA:53,8
DA:54,8
DA:55,8
DA:56,8
DA:57,8
DA:58,8
DA:59,8
DA:60,16
DA:61,8
DA:64,2
DA:66,13
DA:67,1
DA:68,1
DA:69,1
DA:70,1
DA:71,1
DA:72,1
DA:73,1
DA:74,1
DA:75,1
LF:35
LH:23
end_of_record
SF:lib/data/models/genre_model.dart
DA:5,10
DA:13,18
DA:14,9
DA:15,9
DA:18,2
DA:19,1
DA:20,1
DA:23,8
DA:24,24
DA:27,1
DA:28,3
LF:11
LH:11
end_of_record
SF:lib/domain/entities/genre.dart
DA:4,13
DA:12,2
DA:13,6
LF:3
LH:3
end_of_record
SF:lib/data/models/language_model.dart
DA:2,8
DA:12,0
DA:17,0
DA:18,0
DA:19,0
DA:20,0
DA:23,16
DA:24,8
DA:25,8
DA:26,8
DA:29,2
DA:30,1
DA:31,1
DA:32,1
LF:14
LH:9
end_of_record
SF:lib/domain/entities/movie_detail.dart
DA:5,6
DA:33,1
DA:34,1
DA:35,1
DA:36,1
DA:37,1
DA:38,1
DA:39,1
DA:40,1
DA:41,1
DA:42,1
DA:43,1
DA:44,1
DA:45,1
LF:14
LH:14
end_of_record
SF:lib/domain/entities/movie.dart
DA:5,13
DA:35,9
DA:36,9
DA:37,9
DA:38,9
DA:39,9
DA:40,9
DA:45,2
DA:46,2
DA:47,2
DA:48,2
DA:49,2
DA:50,2
DA:51,2
DA:52,2
DA:53,2
DA:54,2
DA:55,2
DA:56,2
DA:57,2
DA:58,2
DA:59,2
LF:22
LH:22
end_of_record
SF:lib/data/models/season_model.dart
DA:5,8
DA:23,0
DA:32,0
DA:33,0
DA:34,0
DA:35,0
DA:36,0
DA:37,0
DA:38,0
DA:39,0
DA:42,16
DA:43,8
DA:44,16
DA:46,8
DA:47,8
DA:48,8
DA:49,8
DA:50,8
DA:51,8
DA:54,2
DA:55,1
DA:56,1
DA:57,13
DA:58,2
DA:59,2
DA:60,2
DA:61,2
DA:62,2
DA:63,2
DA:66,0
DA:67,0
DA:68,0
DA:69,0
DA:70,0
DA:71,0
DA:72,0
DA:73,0
DA:74,0
DA:79,7
DA:80,7
DA:81,7
DA:82,7
DA:83,7
DA:84,7
DA:85,7
DA:86,7
DA:87,7
LF:47
LH:29
end_of_record
SF:lib/domain/entities/season.dart
DA:4,7
DA:22,1
DA:23,1
DA:24,1
DA:25,1
DA:26,1
DA:27,1
DA:28,1
DA:29,1
DA:30,1
LF:10
LH:10
end_of_record
SF:lib/domain/entities/tv_show_detail.dart
DA:6,7
DA:58,1
DA:59,1
DA:60,1
DA:61,1
DA:62,1
DA:63,1
DA:64,1
DA:65,1
DA:66,1
DA:67,1
DA:68,1
DA:69,1
DA:70,1
DA:71,1
DA:72,1
DA:73,1
DA:74,1
DA:75,1
DA:76,1
DA:77,1
DA:78,1
DA:79,1
DA:80,1
DA:81,1
DA:82,1
DA:83,1
LF:27
LH:27
end_of_record
SF:lib/domain/entities/tv_show.dart
DA:5,16
DA:35,8
DA:36,8
DA:37,8
DA:38,8
DA:39,8
DA:40,8
DA:45,1
DA:46,1
DA:47,1
DA:48,1
DA:49,1
DA:50,1
DA:51,1
DA:52,1
DA:53,1
DA:54,1
DA:55,1
DA:56,1
DA:57,1
DA:58,1
DA:59,1
LF:22
LH:22
end_of_record
SF:lib/data/repositories/movie_repository_impl.dart
DA:17,1
DA:19,1
DA:22,2
DA:23,5
DA:24,1
DA:25,2
DA:26,1
DA:27,2
DA:31,1
DA:34,2
DA:35,2
DA:36,1
DA:37,2
DA:38,1
DA:39,2
DA:43,1
DA:46,2
DA:47,3
DA:48,1
DA:49,2
DA:50,1
DA:51,2
DA:55,1
DA:58,2
DA:59,5
DA:60,1
DA:61,2
DA:62,1
DA:63,2
DA:67,1
DA:70,2
DA:71,5
DA:72,1
DA:73,2
DA:74,1
DA:75,2
DA:79,1
DA:82,2
DA:83,5
DA:84,1
DA:85,2
DA:86,1
DA:87,2
DA:91,1
DA:95,3
DA:96,1
DA:97,1
DA:98,3
DA:104,1
DA:108,3
DA:109,1
DA:110,1
DA:111,3
DA:115,1
DA:117,2
DA:121,1
DA:123,2
DA:124,5
LF:58
LH:58
end_of_record
SF:lib/data/repositories/tv_show_repository_impl.dart
DA:20,1
DA:22,1
DA:26,2
DA:27,5
DA:28,1
DA:29,2
DA:30,1
DA:31,2
DA:35,1
DA:38,2
DA:39,2
DA:40,1
DA:41,2
DA:42,1
DA:43,2
DA:47,1
DA:51,2
DA:52,3
DA:53,1
DA:54,2
DA:55,1
DA:56,2
DA:60,1
DA:64,2
DA:65,5
DA:66,1
DA:67,2
DA:68,1
DA:69,2
DA:73,1
DA:77,2
DA:78,5
DA:79,1
DA:80,2
DA:81,1
DA:82,2
DA:86,1
DA:90,2
DA:91,5
DA:92,1
DA:93,2
DA:94,1
DA:95,2
DA:99,1
DA:103,3
DA:104,1
DA:105,1
DA:106,3
DA:112,1
DA:116,3
DA:117,1
DA:118,1
DA:119,3
DA:123,1
DA:125,2
DA:129,1
DA:131,2
DA:132,5
LF:58
LH:58
end_of_record
SF:lib/domain/entities/watchlist.dart
DA:17,16
DA:25,13
DA:26,13
DA:27,13
DA:28,13
DA:29,13
DA:30,13
DA:31,13
DA:36,2
DA:37,8
DA:42,1
DA:43,4
LF:12
LH:12
end_of_record
SF:lib/domain/usecases/get_movie_detail.dart
DA:9,1
DA:11,1
DA:12,2
LF:3
LH:3
end_of_record
SF:lib/domain/usecases/get_movie_recommendations.dart
DA:9,1
DA:11,1
DA:12,2
LF:3
LH:3
end_of_record
SF:lib/domain/usecases/get_movie_watchlist.dart
DA:9,1
DA:11,1
DA:12,2
LF:3
LH:3
end_of_record
SF:lib/domain/usecases/get_movie_watchlist_status.dart
DA:6,1
DA:8,1
DA:9,2
LF:3
LH:3
end_of_record
SF:lib/domain/usecases/get_now_airing_tv_shows.dart
DA:9,1
DA:11,1
DA:12,2
LF:3
LH:3
end_of_record
SF:lib/domain/usecases/get_now_playing_movies.dart
DA:9,1
DA:11,1
DA:12,2
LF:3
LH:3
end_of_record
SF:lib/domain/usecases/get_popular_movies.dart
DA:9,1
DA:11,1
DA:12,2
LF:3
LH:3
end_of_record
SF:lib/domain/usecases/get_popular_tv_shows.dart
DA:9,1
DA:11,1
DA:12,2
LF:3
LH:3
end_of_record
SF:lib/domain/usecases/get_top_rated_movies.dart
DA:9,1
DA:11,1
DA:12,2
LF:3
LH:3
end_of_record
SF:lib/domain/usecases/get_top_rated_tv_shows.dart
DA:9,1
DA:11,1
DA:12,2
LF:3
LH:3
end_of_record
SF:lib/domain/usecases/get_tv_show_detail.dart
DA:9,1
DA:11,1
DA:12,2
LF:3
LH:3
end_of_record
SF:lib/domain/usecases/get_tv_show_recommendations.dart
DA:9,1
DA:11,1
DA:12,2
LF:3
LH:3
end_of_record
SF:lib/domain/usecases/get_tv_show_watchlist.dart
DA:9,1
DA:11,1
DA:12,2
LF:3
LH:3
end_of_record
SF:lib/domain/usecases/get_tv_show_watchlist_status.dart
DA:6,1
DA:8,1
DA:9,2
LF:3
LH:3
end_of_record
SF:lib/domain/usecases/remove_movie_watchlist.dart
DA:9,1
DA:11,1
DA:12,2
LF:3
LH:3
end_of_record
SF:lib/domain/usecases/remove_tv_show_watchlist.dart
DA:9,1
DA:11,1
DA:12,2
LF:3
LH:3
end_of_record
SF:lib/domain/usecases/save_movie_watchlist.dart
DA:9,1
DA:11,1
DA:12,2
LF:3
LH:3
end_of_record
SF:lib/domain/usecases/save_tv_show_watchlist.dart
DA:9,1
DA:11,1
DA:12,2
LF:3
LH:3
end_of_record
SF:lib/domain/usecases/search_movies.dart
DA:9,1
DA:11,1
DA:12,2
LF:3
LH:3
end_of_record
SF:lib/domain/usecases/search_tv_shows.dart
DA:9,1
DA:11,1
DA:12,2
LF:3
LH:3
end_of_record
SF:lib/presentation/provider/movie_detail_notifier.dart
DA:19,1
DA:29,2
DA:33,2
DA:37,2
DA:41,2
DA:45,2
DA:49,2
DA:51,1
DA:52,1
DA:53,1
DA:54,2
DA:55,2
DA:56,1
DA:57,1
DA:58,1
DA:59,2
DA:60,1
DA:62,1
DA:63,1
DA:64,1
DA:65,1
DA:66,1
DA:67,1
DA:68,1
DA:69,2
DA:71,1
DA:72,1
DA:73,1
DA:76,1
DA:77,1
DA:84,2
DA:86,1
DA:87,2
DA:89,1
DA:90,1
DA:91,2
DA:93,1
DA:94,1
DA:98,2
DA:101,1
DA:102,2
DA:104,1
DA:105,0
DA:106,0
DA:108,1
DA:109,1
DA:113,2
DA:116,1
DA:117,2
DA:118,1
DA:119,1
LF:51
LH:49
end_of_record
SF:lib/presentation/provider/movie_list/movie_recomendations_notifier.dart
DA:8,1
DA:18,1
DA:19,5
DA:21,1
DA:22,1
DA:24,1
DA:25,1
DA:27,1
DA:29,1
DA:32,1
DA:34,1
DA:35,1
DA:37,4
DA:38,1
DA:39,1
DA:40,1
DA:41,2
DA:42,1
DA:44,1
DA:45,1
DA:46,1
DA:47,1
DA:52,0
DA:54,0
DA:57,0
DA:58,0
DA:61,0
DA:63,0
DA:66,0
DA:67,0
LF:30
LH:22
end_of_record
SF:lib/presentation/provider/movie_list/now_playing_movies_notifier.dart
DA:8,1
DA:17,1
DA:18,5
DA:20,1
DA:21,1
DA:23,1
DA:24,1
DA:26,1
DA:28,1
DA:29,1
DA:31,3
DA:32,1
DA:33,1
DA:34,1
DA:35,2
DA:36,1
DA:38,1
DA:39,1
DA:40,1
DA:41,1
DA:46,0
DA:48,0
DA:51,0
DA:52,0
DA:55,0
DA:57,0
DA:60,0
DA:61,0
LF:28
LH:20
end_of_record
SF:lib/presentation/provider/movie_search_notifier.dart
DA:10,1
DA:14,1
DA:15,1
DA:19,1
DA:21,5
DA:25,1
DA:26,1
DA:28,1
DA:30,1
DA:31,1
DA:33,2
DA:34,1
DA:35,1
DA:36,2
DA:37,1
DA:38,1
DA:40,1
DA:41,1
DA:42,1
DA:43,1
LF:20
LH:20
end_of_record
SF:lib/presentation/provider/tv_show_detail_notifier.dart
DA:28,1
DA:31,2
DA:35,2
DA:39,2
DA:40,3
DA:41,1
DA:45,2
DA:49,2
DA:53,2
DA:55,1
DA:56,1
DA:59,1
DA:60,1
DA:61,1
DA:62,3
DA:63,3
DA:64,1
DA:65,1
DA:66,1
DA:67,2
DA:68,1
DA:70,1
DA:71,1
DA:72,1
DA:73,1
DA:74,1
DA:75,1
DA:76,1
DA:77,2
DA:79,1
DA:80,1
DA:81,1
DA:84,1
DA:85,1
DA:92,2
DA:94,0
DA:95,0
DA:97,0
DA:98,0
DA:100,0
DA:103,0
DA:106,1
DA:107,2
DA:109,1
DA:110,1
DA:111,2
DA:113,1
DA:114,1
DA:118,2
DA:121,1
DA:122,2
DA:124,1
DA:125,0
DA:126,0
DA:128,1
DA:129,1
DA:133,2
DA:136,1
DA:137,2
DA:138,1
DA:139,1
LF:61
LH:53
end_of_record
SF:lib/presentation/provider/tv_show_list/now_airing_tv_shows_notifier.dart
DA:8,1
DA:17,1
DA:18,5
DA:20,1
DA:21,1
DA:23,1
DA:24,1
DA:26,1
DA:28,1
DA:29,1
DA:31,3
DA:32,1
DA:33,1
DA:34,1
DA:35,2
DA:36,1
DA:38,1
DA:39,1
DA:40,1
DA:41,1
DA:46,0
DA:48,0
DA:51,0
DA:52,0
DA:55,0
DA:57,0
DA:60,0
DA:61,0
LF:28
LH:20
end_of_record
SF:lib/presentation/provider/tv_show_list/popular_tv_shows_notifier.dart
DA:8,1
DA:17,1
DA:18,5
DA:20,1
DA:21,1
DA:23,1
DA:24,1
DA:26,1
DA:28,1
DA:29,1
DA:31,3
DA:32,1
DA:33,1
DA:34,1
DA:35,2
DA:36,1
DA:38,1
DA:39,1
DA:40,1
DA:41,1
DA:46,0
DA:48,0
DA:51,0
DA:52,0
DA:55,0
DA:57,0
DA:60,0
DA:61,0
LF:28
LH:20
end_of_record
SF:lib/presentation/provider/tv_show_list/search_tv_show_notifier.dart
DA:14,1
DA:16,1
DA:17,1
DA:19,1
DA:21,5
DA:23,1
DA:24,1
DA:26,1
DA:28,1
DA:29,1
DA:31,2
DA:32,1
DA:33,1
DA:34,2
DA:35,1
DA:36,1
DA:38,1
DA:39,1
DA:40,1
DA:41,1
LF:20
LH:20
end_of_record
SF:lib/presentation/provider/tv_show_list/top_rated_tv_shows_notifier.dart
DA:8,1
DA:17,1
DA:18,5
DA:20,1
DA:21,1
DA:23,1
DA:24,1
DA:26,1
DA:28,1
DA:29,1
DA:31,3
DA:32,1
DA:33,1
DA:34,1
DA:35,2
DA:36,1
DA:38,1
DA:39,1
DA:40,1
DA:41,1
DA:46,0
DA:48,0
DA:51,0
DA:52,0
DA:55,0
DA:57,0
DA:60,0
DA:61,0
LF:28
LH:20
end_of_record
SF:lib/presentation/provider/tv_show_list/tv_show_recommendations_notifier.dart
DA:8,1
DA:18,1
DA:19,5
DA:21,1
DA:22,1
DA:24,1
DA:25,1
DA:27,1
DA:29,1
DA:32,1
DA:34,1
DA:35,1
DA:37,4
DA:38,1
DA:39,1
DA:40,1
DA:41,2
DA:42,1
DA:44,1
DA:45,1
DA:46,1
DA:47,1
DA:52,0
DA:54,0
DA:57,0
DA:58,0
DA:61,0
DA:63,0
DA:66,0
DA:67,0
LF:30
LH:22
end_of_record
SF:lib/presentation/provider/tv_show_list_notifier.dart
DA:20,0
DA:21,0
DA:23,0
DA:25,0
DA:26,0
DA:28,0
DA:30,0
DA:31,0
DA:33,0
DA:35,0
DA:37,0
DA:44,0
DA:45,0
DA:46,0
DA:48,0
DA:49,0
DA:50,0
DA:51,0
DA:52,0
DA:53,0
DA:55,0
DA:56,0
DA:57,0
DA:58,0
DA:63,0
DA:64,0
DA:65,0
DA:67,0
DA:68,0
DA:69,0
DA:70,0
DA:71,0
DA:72,0
DA:74,0
DA:75,0
DA:76,0
DA:77,0
DA:82,0
DA:83,0
DA:84,0
DA:86,0
DA:87,0
DA:88,0
DA:89,0
DA:90,0
DA:91,0
DA:93,0
DA:94,0
DA:95,0
DA:96,0
LF:50
LH:0
end_of_record
SF:lib/presentation/provider/watchlist_movie_notifier.dart
DA:14,1
DA:15,5
DA:17,0
DA:18,0
DA:23,2
DA:24,0
DA:29,2
DA:30,0
DA:32,1
DA:40,1
DA:41,1
DA:42,1
DA:44,2
DA:45,1
DA:46,1
DA:47,1
DA:48,2
DA:49,1
DA:51,1
DA:52,1
DA:53,1
DA:54,1
DA:59,0
DA:60,0
DA:61,0
DA:63,0
DA:64,0
DA:65,0
DA:66,0
DA:67,0
DA:68,0
DA:70,0
DA:71,0
DA:72,0
DA:73,0
LF:35
LH:18
end_of_record
SF:lib/presentation/provider/movie_list/popular_movies_notifier.dart
DA:8,1
DA:17,1
DA:18,5
DA:20,1
DA:21,1
DA:23,1
DA:24,1
DA:26,1
DA:28,1
DA:29,1
DA:31,3
DA:32,1
DA:33,1
DA:34,1
DA:35,2
DA:36,1
DA:38,1
DA:39,1
DA:40,1
DA:41,1
DA:46,0
DA:48,0
DA:51,0
DA:52,0
DA:55,0
DA:57,0
DA:60,0
DA:61,0
LF:28
LH:20
end_of_record
SF:lib/presentation/provider/movie_list/top_rated_movies_notifier.dart
DA:8,1
DA:17,1
DA:18,5
DA:20,1
DA:21,1
DA:23,1
DA:24,1
DA:26,1
DA:28,1
DA:29,1
DA:31,3
DA:32,1
DA:33,1
DA:34,1
DA:35,2
DA:36,1
DA:38,1
DA:39,1
DA:40,1
DA:41,1
DA:46,0
DA:48,0
DA:51,0
DA:52,0
DA:55,0
DA:57,0
DA:60,0
DA:61,0
LF:28
LH:20
end_of_record
SF:lib/presentation/provider/entertainment_list_notifier.dart
DA:15,0
DA:23,8
DA:25,8
DA:28,8
DA:31,0
DA:33,0
DA:34,0
LF:7
LH:3
end_of_record
SF:lib/presentation/provider/search_entertainment_notifier.dart
DA:17,2
DA:19,2
DA:22,2
DA:25,0
DA:27,0
DA:28,0
LF:6
LH:3
end_of_record
SF:lib/presentation/widgets/base/entertainment_card/entertainment_detail_card.dart
DA:4,1
DA:6,1
DA:8,1
DA:10,1
DA:12,1
DA:13,2
DA:14,0
DA:15,1
DA:17,1
DA:18,1
DA:20,1
DA:21,1
DA:22,1
DA:23,1
DA:24,1
DA:25,1
DA:27,1
DA:29,2
DA:30,1
DA:31,3
DA:38,1
DA:40,1
DA:41,1
DA:42,2
DA:45,3
DA:47,1
DA:48,1
DA:49,3
DA:50,2
DA:63,1
DA:68,1
DA:69,1
DA:70,3
DA:72,2
DA:73,1
DA:75,0
DA:77,2
DA:87,1
DA:88,1
DA:89,1
DA:93,2
DA:94,1
DA:95,3
DA:96,3
DA:99,1
DA:100,3
DA:101,3
DA:105,1
DA:108,1
DA:109,1
DA:110,1
DA:112,1
DA:113,1
DA:114,2
DA:117,1
DA:119,1
LF:56
LH:54
end_of_record
SF:lib/presentation/widgets/base/entertainment_card/entertainment_simple_card.dart
DA:4,2
DA:6,1
DA:8,1
DA:10,1
DA:11,0
DA:12,1
DA:14,1
DA:16,1
DA:17,1
DA:18,2
DA:19,1
DA:21,2
DA:22,1
DA:24,3
DA:25,2
DA:26,0
DA:30,1
DA:31,1
DA:32,2
DA:33,1
DA:34,2
DA:36,4
DA:37,3
DA:48,1
DA:49,1
DA:52,1
DA:53,2
DA:54,1
DA:55,1
DA:56,1
DA:57,1
DA:58,1
DA:60,2
DA:62,1
DA:64,1
LF:35
LH:33
end_of_record
SF:lib/presentation/widgets/base/entertainment_card/entertainment_card.dart
DA:15,4
DA:17,1
DA:18,1
DA:21,1
DA:22,1
DA:25,0
DA:26,0
DA:27,0
DA:28,0
DA:31,0
DA:34,0
DA:35,0
DA:38,0
LF:13
LH:5
end_of_record
SF:lib/presentation/pages/entertainment_list_page.dart
DA:13,0
DA:17,0
DA:19,0
DA:21,0
DA:22,0
DA:23,0
DA:25,0
DA:27,0
DA:28,0
DA:29,0
DA:30,0
DA:31,0
DA:32,0
DA:33,0
DA:34,0
DA:35,0
DA:37,0
DA:38,0
DA:39,0
DA:40,0
DA:41,0
DA:43,0
DA:46,0
DA:47,0
DA:48,0
LF:25
LH:0
end_of_record
SF:lib/presentation/pages/movie_detail_page.dart
DA:21,2
DA:23,1
DA:25,1
DA:26,1
DA:27,1
DA:28,1
DA:29,1
DA:30,0
DA:31,0
DA:33,1
DA:34,1
DA:35,1
DA:38,0
DA:45,1
DA:46,1
DA:48,1
DA:49,1
DA:50,1
DA:52,1
DA:53,1
DA:54,1
DA:55,1
DA:56,2
DA:57,1
DA:58,3
DA:59,1
DA:60,1
DA:62,1
DA:64,1
DA:65,1
DA:67,1
DA:68,1
DA:70,3
DA:72,2
DA:75,1
DA:78,1
DA:81,1
DA:82,2
DA:83,1
DA:84,1
DA:87,1
DA:88,2
DA:89,1
DA:90,3
DA:91,1
DA:92,2
DA:93,1
DA:94,2
DA:95,1
DA:96,1
DA:107,1
DA:112,1
DA:113,1
DA:114,1
DA:115,2
DA:116,1
DA:118,1
DA:120,3
DA:127,1
DA:128,1
DA:131,1
DA:132,1
DA:133,1
DA:134,2
DA:136,1
DA:137,0
DA:139,2
DA:142,1
DA:148,1
DA:149,1
DA:150,1
DA:152,1
DA:153,2
DA:155,1
DA:156,1
DA:157,1
DA:158,1
DA:162,1
DA:163,1
DA:164,3
DA:165,3
DA:173,1
DA:174,2
DA:176,2
DA:177,1
DA:180,1
DA:181,1
DA:182,1
DA:183,1
DA:185,2
DA:191,1
DA:192,1
DA:194,3
DA:202,1
DA:203,2
DA:204,3
DA:205,1
DA:207,3
DA:209,2
DA:210,1
DA:212,0
DA:217,1
DA:218,1
DA:221,1
DA:224,1
DA:225,2
DA:226,1
DA:229,1
DA:230,2
DA:231,1
DA:232,3
DA:237,1
DA:242,1
DA:243,2
DA:244,1
DA:247,1
DA:249,1
DA:250,1
DA:252,3
DA:254,1
DA:255,1
DA:263,1
DA:264,1
DA:265,1
DA:266,1
DA:267,1
DA:268,1
DA:271,1
DA:272,1
DA:273,1
DA:274,2
DA:276,0
DA:277,0
DA:279,0
DA:280,0
DA:281,0
DA:283,0
DA:290,2
DA:292,1
DA:293,1
DA:294,1
DA:296,0
DA:304,1
DA:305,1
DA:307,1
DA:308,2
DA:310,1
DA:312,4
DA:313,3
DA:314,1
DA:315,3
DA:316,0
DA:317,0
LF:153
LH:139
end_of_record
SF:lib/presentation/widgets/base/home_subheading.dart
DA:7,2
DA:9,2
DA:11,2
DA:13,2
DA:15,2
DA:16,2
DA:17,2
DA:18,2
DA:19,6
DA:21,2
DA:22,2
DA:23,2
DA:24,2
DA:31,2
DA:32,2
DA:33,2
DA:35,8
DA:39,2
DA:40,6
DA:45,4
LF:20
LH:20
end_of_record
SF:lib/presentation/widgets/base/watchlist_button.dart
DA:9,2
DA:13,2
DA:15,2
DA:17,2
DA:18,2
DA:19,6
DA:20,6
DA:21,2
DA:23,2
DA:24,2
DA:25,6
DA:26,6
DA:27,2
DA:28,6
DA:29,6
DA:30,2
DA:31,2
DA:32,4
DA:33,2
DA:34,2
DA:35,2
DA:36,6
DA:38,2
DA:40,2
DA:41,2
DA:42,2
DA:47,2
DA:48,2
DA:49,2
LF:29
LH:29
end_of_record
SF:lib/presentation/widgets/entertainment_horizontal_list.dart
DA:12,3
DA:14,3
DA:16,3
DA:18,3
DA:19,3
DA:20,3
DA:21,3
DA:22,3
DA:26,1
DA:27,2
DA:28,1
DA:31,2
DA:32,1
DA:34,3
DA:39,3
DA:40,3
DA:41,3
DA:42,6
DA:48,1
DA:49,1
DA:52,1
DA:53,2
DA:54,1
DA:55,1
DA:56,1
DA:57,1
DA:58,1
DA:60,2
DA:62,1
DA:64,1
LF:30
LH:30
end_of_record
SF:lib/presentation/pages/tv_show_detail_page.dart
DA:22,2
DA:24,1
DA:26,1
DA:27,1
DA:28,1
DA:29,2
DA:30,0
DA:31,0
DA:33,2
DA:34,1
DA:35,1
DA:38,0
DA:45,1
DA:46,1
DA:48,1
DA:49,1
DA:50,1
DA:52,1
DA:53,1
DA:54,1
DA:55,2
DA:56,1
DA:57,3
DA:58,1
DA:59,1
DA:61,1
DA:63,1
DA:64,1
DA:66,1
DA:67,1
DA:69,3
DA:71,2
DA:74,1
DA:77,1
DA:80,1
DA:81,3
DA:82,1
DA:83,1
DA:86,1
DA:87,3
DA:88,1
DA:89,3
DA:90,2
DA:91,1
DA:92,3
DA:93,1
DA:94,3
DA:95,1
DA:96,1
DA:107,1
DA:112,1
DA:113,1
DA:114,1
DA:115,2
DA:116,1
DA:118,1
DA:120,3
DA:127,1
DA:128,1
DA:131,1
DA:132,1
DA:133,1
DA:138,1
DA:139,2
DA:141,2
DA:142,1
DA:145,1
DA:146,1
DA:147,1
DA:148,1
DA:150,2
DA:156,1
DA:157,1
DA:159,3
DA:167,1
DA:168,1
DA:169,1
DA:170,2
DA:171,1
DA:173,1
DA:174,1
DA:175,1
DA:176,1
DA:179,1
DA:182,1
DA:186,2
DA:187,1
DA:190,1
DA:192,1
DA:193,1
DA:195,3
DA:197,1
DA:199,0
DA:202,1
DA:203,2
DA:204,1
DA:205,3
DA:206,1
DA:207,2
DA:215,1
DA:216,2
DA:217,3
DA:218,1
DA:221,3
DA:223,2
DA:224,1
DA:226,0
DA:231,1
DA:232,1
DA:235,1
DA:238,1
DA:239,2
DA:240,1
DA:243,1
DA:244,2
DA:245,1
DA:246,3
DA:251,1
DA:256,1
DA:257,2
DA:258,1
DA:261,1
DA:263,1
DA:264,1
DA:266,3
DA:268,1
DA:269,1
DA:277,1
DA:278,1
DA:279,1
DA:280,1
DA:283,1
DA:284,1
DA:285,1
DA:286,2
DA:288,0
DA:289,0
DA:291,0
DA:292,0
DA:293,0
DA:295,0
DA:302,2
DA:304,1
DA:305,1
DA:306,1
DA:308,0
DA:316,1
DA:317,1
DA:319,1
DA:320,2
DA:322,1
DA:324,4
DA:325,3
DA:326,1
DA:327,3
DA:328,0
DA:329,0
LF:157
LH:143
end_of_record
